
> frontend@0.0.0 dev
> vite


  VITE v7.1.12  ready in 2950 ms

  ➜  Local:   http://localhost:5173/
  ➜  Network: http://10.255.255.254:5173/
  ➜  Network: http://172.27.127.118:5173/
[baseline-browser-mapping] The data in this module is over two months old.  To ensure accurate Baseline data, please update: `npm i baseline-browser-mapping@latest -D`
[BABEL] Note: The code generator has deoptimised the styling of /tmp/vite-cache/deps/react-dom_client.js?v=09d349c7 as it exceeds the max of 500KB.
6:15:22 PM [vite] (client) hmr update /src/components/Header.tsx
6:15:50 PM [vite] (client) hmr update /src/pages/ReportHandling.tsx
6:17:59 PM [vite] (client) hmr update /src/pages/ReportHandling.tsx
6:18:40 PM [vite] (client) hmr update /src/pages/ReportHandling.tsx
6:47:40 PM [vite] (client) hmr update /src/pages/ReportHandling.tsx
6:50:37 PM [vite] (client) hmr update /src/pages/ReportHandling.tsx
6:50:50 PM [vite] (client) hmr update /src/pages/ReportHandling.tsx
6:52:35 PM [vite] (client) hmr update /src/pages/ReportHandling.tsx
6:58:58 PM [vite] (client) hmr update /src/pages/ReportHandling.tsx
6:59:14 PM [vite] (client) hmr update /src/pages/ReportHandling.tsx
6:59:26 PM [vite] (client) hmr update /src/pages/ReportHandling.tsx
6:59:35 PM [vite] (client) hmr update /src/pages/ReportHandling.tsx
7:11:33 PM [vite] (client) hmr update /src/pages/ReportHandling.tsx
7:12:11 PM [vite] (client) hmr update /src/pages/ReportHandling.tsx
7:12:43 PM [vite] (client) hmr update /src/pages/ReportHandling.tsx
7:12:57 PM [vite] (client) hmr update /src/index.css
7:27:59 PM [vite] (client) hmr update /src/pages/ReportHandling.tsx
7:28:09 PM [vite] (client) hmr update /src/pages/ReportHandling.tsx
7:28:19 PM [vite] (client) hmr update /src/pages/ReportHandling.tsx
